#
# There is insufficient memory for the Java Runtime Environment to continue.
# Native memory allocation (mmap) failed to map 134217728 bytes for Failed to commit area from 0x0000000081600000 to 0x0000000089600000 of length 134217728.
# Possible reasons:
#   The system is out of physical RAM or swap space
#   The process is running with CompressedOops enabled, and the Java Heap may be blocking the growth of the native heap
# Possible solutions:
#   Reduce memory load on the system
#   Increase physical memory or swap space
#   Check if swap backing store is full
#   Decrease Java heap size (-Xmx/-Xms)
#   Decrease number of Java threads
#   Decrease Java thread stack sizes (-Xss)
#   Set larger code cache with -XX:ReservedCodeCacheSize=
# This output file may be truncated or incomplete.
#
#  Out of Memory Error (./open/src/hotspot/os/windows/os_windows.cpp:3275), pid=32940, tid=792
#
# JRE version:  (11.0.8+10) (build )
# Java VM: Java HotSpot(TM) 64-Bit Server VM (11.0.8+10-LTS, mixed mode, sharing, tiered, compressed oops, g1 gc, windows-amd64)
# No core dump will be written. Minidumps are not enabled by default on client versions of Windows
#

---------------  S U M M A R Y ------------

Command Line: -javaagent:D:\IntelliJ IDEA 2020.2\lib\idea_rt.jar=3673:D:\IntelliJ IDEA 2020.2\bin -Dfile.encoding=UTF-8 五子棋问题.SparseArray

Host: Intel(R) Core(TM) i7-4720HQ CPU @ 2.60GHz, 8 cores, 7G,  Windows 10 , 64 bit Build 18362 (10.0.18362.1350)
Time: Thu Apr 22 16:01:17 2021 ?D1ú±ê×?ê±?? elapsed time: 0 seconds (0d 0h 0m 0s)

---------------  T H R E A D  ---------------

Current thread (0x00000227deb3b000):  JavaThread "Unknown thread" [_thread_in_vm, id=792, stack(0x000000b763300000,0x000000b763400000)]

Stack: [0x000000b763300000,0x000000b763400000]
Native frames: (J=compiled Java code, j=interpreted, Vv=VM code, C=native code)
V  [jvm.dll+0x601aea]
V  [jvm.dll+0x737fef]
V  [jvm.dll+0x739675]
V  [jvm.dll+0x739cf3]
V  [jvm.dll+0x242848]
V  [jvm.dll+0x5fef8a]
V  [jvm.dll+0x5f3eb5]
V  [jvm.dll+0x2f651c]
V  [jvm.dll+0x2f63a2]
V  [jvm.dll+0x2fb056]
V  [jvm.dll+0x33ce9f]
V  [jvm.dll+0x33c8d0]
V  [jvm.dll+0x2d4768]
V  [jvm.dll+0x2d58c6]
V  [jvm.dll+0x713e67]
V  [jvm.dll+0x71570f]
V  [jvm.dll+0x349c19]
V  [jvm.dll+0x6f97f0]
V  [jvm.dll+0x3b2a5f]
V  [jvm.dll+0x3b4e81]
C  [jli.dll+0x5213]
C  [ucrtbase.dll+0x210b2]
C  [KERNEL32.DLL+0x17c24]
C  [ntdll.dll+0x6d721]


---------------  P R O C E S S  ---------------

Threads class SMR info:
_java_thread_list=0x00000227dc963b90, length=0, elements={
}

Java Threads: ( => current thread )

Other Threads:
  0x00000227deb4f000 GCTaskThread "GC Thread#0" [stack: 0x000000b763400000,0x000000b763500000] [id=30844]
  0x00000227deb80800 ConcurrentGCThread "G1 Main Marker" [stack: 0x000000b763500000,0x000000b763600000] [id=33984]
  0x00000227deb82000 ConcurrentGCThread "G1 Conc#0" [stack: 0x000000b763600000,0x000000b763700000] [id=36588]

[error occurred during error reporting (printing all threads), id 0xc0000005, EXCEPTION_ACCESS_VIOLATION (0xc0000005) at pc=0x00007ffdd03b2f67]

VM state:not at safepoint (not fully initialized)

VM Mutex/Monitor currently owned by a thread:  ([mutex/lock_event])
[0x00000227deb36430] Heap_lock - owner thread: 0x00000227deb3b000

Heap address: 0x0000000081600000, size: 2026 MB, Compressed Oops mode: Non-zero based: 0x0000000081600000
Narrow klass base: 0x0000000000000000, Narrow klass shift: 0

GC Heap History (0 events):
No events

Deoptimization events (0 events):
No events

Classes redefined (0 events):
No events

Internal exceptions (0 events):
No events

Events (0 events):
No events


Dynamic libraries:
0x00007ff6150e0000 - 0x00007ff6150ef000 	D:\Java\jdk-11.0.8\bin\java.exe
0x00007ffe0eae0000 - 0x00007ffe0ecd0000 	C:\WINDOWS\SYSTEM32\ntdll.dll
0x00007ffe0e4e0000 - 0x00007ffe0e592000 	C:\WINDOWS\System32\KERNEL32.DLL
0x00007ffe0be10000 - 0x00007ffe0c0b5000 	C:\WINDOWS\System32\KERNELBASE.dll
0x00007ffe0c150000 - 0x00007ffe0c24a000 	C:\WINDOWS\System32\ucrtbase.dll
0x00007ffe02cb0000 - 0x00007ffe02cc8000 	D:\Java\jdk-11.0.8\bin\jli.dll
0x00007ffe02c90000 - 0x00007ffe02ca5000 	D:\Java\jdk-11.0.8\bin\VCRUNTIME140.dll
0x00007ffe0d5a0000 - 0x00007ffe0d643000 	C:\WINDOWS\System32\ADVAPI32.dll
0x00007ffe0cd30000 - 0x00007ffe0cdce000 	C:\WINDOWS\System32\msvcrt.dll
0x00007ffe0cdd0000 - 0x00007ffe0ce67000 	C:\WINDOWS\System32\sechost.dll
0x00007ffe0d720000 - 0x00007ffe0d83f000 	C:\WINDOWS\System32\RPCRT4.dll
0x00007ffe0ce70000 - 0x00007ffe0d004000 	C:\WINDOWS\System32\USER32.dll
0x00007ffe0bc00000 - 0x00007ffe0bc21000 	C:\WINDOWS\System32\win32u.dll
0x00007ffe0cd00000 - 0x00007ffe0cd26000 	C:\WINDOWS\System32\GDI32.dll
0x00007ffe0c9d0000 - 0x00007ffe0cb68000 	C:\WINDOWS\System32\gdi32full.dll
0x00007ffe0bcc0000 - 0x00007ffe0bd5e000 	C:\WINDOWS\System32\msvcp_win.dll
0x00007ffdfec90000 - 0x00007ffdfef14000 	C:\WINDOWS\WinSxS\amd64_microsoft.windows.common-controls_6595b64144ccf1df_6.0.18362.1440_none_9e7dbfb9e45e8e67\COMCTL32.dll
0x00007ffe0d950000 - 0x00007ffe0dc86000 	C:\WINDOWS\System32\combase.dll
0x00007ffe0bc30000 - 0x00007ffe0bcb1000 	C:\WINDOWS\System32\bcryptPrimitives.dll
0x00007ffe00ad0000 - 0x00007ffe00ada000 	C:\WINDOWS\SYSTEM32\VERSION.dll
0x00007ffe0d070000 - 0x00007ffe0d09e000 	C:\WINDOWS\System32\IMM32.DLL
0x00007ffdf5320000 - 0x00007ffdf53bb000 	D:\Java\jdk-11.0.8\bin\msvcp140.dll
0x00007ffdd00d0000 - 0x00007ffdd0bb6000 	D:\Java\jdk-11.0.8\bin\server\jvm.dll
0x00007ffe0e620000 - 0x00007ffe0e628000 	C:\WINDOWS\System32\PSAPI.DLL
0x00007ffe04670000 - 0x00007ffe04694000 	C:\WINDOWS\SYSTEM32\WINMM.dll
0x00007ffdf6c80000 - 0x00007ffdf6c89000 	C:\WINDOWS\SYSTEM32\WSOCK32.dll
0x00007ffe0d190000 - 0x00007ffe0d1ff000 	C:\WINDOWS\System32\WS2_32.dll
0x00007ffe04640000 - 0x00007ffe0466d000 	C:\WINDOWS\SYSTEM32\WINMMBASE.dll
0x00007ffe0ba50000 - 0x00007ffe0ba9a000 	C:\WINDOWS\System32\cfgmgr32.dll
0x00007ffe0b9a0000 - 0x00007ffe0b9b1000 	C:\WINDOWS\System32\kernel.appcore.dll
0x00007ffe08010000 - 0x00007ffe08020000 	D:\Java\jdk-11.0.8\bin\verify.dll
0x00007ffdfdb90000 - 0x00007ffdfdd84000 	C:\WINDOWS\SYSTEM32\DBGHELP.DLL
0x00007ffdf80a0000 - 0x00007ffdf80ca000 	C:\WINDOWS\SYSTEM32\dbgcore.DLL
0x00007ffe02210000 - 0x00007ffe02238000 	D:\Java\jdk-11.0.8\bin\java.dll
0x00007ffe06fb0000 - 0x00007ffe06fba000 	D:\Java\jdk-11.0.8\bin\jimage.dll
0x00007ffe04500000 - 0x00007ffe0450e000 	D:\Java\jdk-11.0.8\bin\instrument.dll
0x00007ffe021f0000 - 0x00007ffe02206000 	D:\Java\jdk-11.0.8\bin\zip.dll

dbghelp: loaded successfully - version: 4.0.5 - missing functions: none
symbol engine: initialized successfully - sym options: 0x614 - pdb path: .;D:\Java\jdk-11.0.8\bin;C:\WINDOWS\SYSTEM32;C:\WINDOWS\WinSxS\amd64_microsoft.windows.common-controls_6595b64144ccf1df_6.0.18362.1440_none_9e7dbfb9e45e8e67;D:\Java\jdk-11.0.8\bin\server

VM Arguments:
jvm_args: -javaagent:D:\IntelliJ IDEA 2020.2\lib\idea_rt.jar=3673:D:\IntelliJ IDEA 2020.2\bin -Dfile.encoding=UTF-8 
java_command: 五子棋问题.SparseArray
java_class_path (initial): D:\jworkplace\数据结构\out\production\数据结构
Launcher Type: SUN_STANDARD

[Global flags]
     intx CICompilerCount                          = 4                                         {product} {ergonomic}
     uint ConcGCThreads                            = 2                                         {product} {ergonomic}
     uint G1ConcRefinementThreads                  = 8                                         {product} {ergonomic}
   size_t G1HeapRegionSize                         = 1048576                                   {product} {ergonomic}
    uintx GCDrainStackTargetSize                   = 64                                        {product} {ergonomic}
   size_t InitialHeapSize                          = 134217728                                 {product} {ergonomic}
   size_t MarkStackSize                            = 4194304                                   {product} {ergonomic}
   size_t MaxHeapSize                              = 2124414976                                {product} {ergonomic}
   size_t MinHeapDeltaBytes                        = 1048576                                   {product} {ergonomic}
    uintx NonNMethodCodeHeapSize                   = 5836300                                {pd product} {ergonomic}
    uintx NonProfiledCodeHeapSize                  = 122910970                              {pd product} {ergonomic}
    uintx ProfiledCodeHeapSize                     = 122910970                              {pd product} {ergonomic}
    uintx ReservedCodeCacheSize                    = 251658240                              {pd product} {ergonomic}
     bool SegmentedCodeCache                       = true                                      {product} {ergonomic}
     bool UseCompressedClassPointers               = true                                 {lp64_product} {ergonomic}
     bool UseCompressedOops                        = true                                 {lp64_product} {ergonomic}
     bool UseG1GC                                  = true                                      {product} {ergonomic}
     bool UseLargePagesIndividualAllocation        = false                                  {pd product} {ergonomic}

Logging:
Log output configuration:
 #0: stdout all=warning uptime,level,tags
 #1: stderr all=off uptime,level,tags

Environment Variables:
JAVA_HOME=D:\Java\jdk-11.0.8
PATH=C:\Program Files\NVIDIA GPU Computing Toolkit\CUDA\v10.2\bin;C:\Program Files\NVIDIA GPU Computing Toolkit\CUDA\v10.2\libnvvp;C:\Program Files\Common Files\Oracle\Java\javapath;C:\Program Files (x86)\Common Files\Oracle\Java\javapath;D:\Python37\Scripts\;D:\Python37\;C:\Program Files\Java\jdk1.8.0_101\\bin;C:\Program Files\Java\jdk1.8.0_101\\jre\bin;C:\Program Files\Microsoft SQL Server\130\Tools\Binn\;C:\WINDOWS\system32;C:\WINDOWS;C:\WINDOWS\System32\Wbem;C:\WINDOWS\System32\WindowsPowerShell\v1.0\;C:\Program Files (x86)\NVIDIA Corporation\PhysX\Common;G:\MATLAB\R2018a\runtime\win64;G:\MATLAB\R2018a\bin;F:\runtime\win64;F:\bin;F:\polyspace\bin;D:\OpenCV\opencv\build\x64\vc14\bin;D:\OpenCV\opencv\build\x64\vc15\bin;C:\Program Files\dotnet\;C:\Program Files\Microsoft\Web Platform Installer\;C:\Program Files (x86)\Microsoft ASP.NET\ASP.NET Web Pages\v1.0\;C:\Program Files\Microsoft SQL Server\110\Tools\Binn\;C:\WINDOWS\System32\OpenSSH\;C:\Program Files\NVIDIA Corporation\NVIDIA NvDLISR;C:\WINDOWS\system32;C:\WINDOWS;C:\WINDOWS\System32\Wbem;C:\WINDOWS\System32\WindowsPowerShell\v1.0\;C:\WINDOWS\System32\OpenSSH\;D:\Java\jdk-11.0.8\bin;D:\Java\jdk-11.0.8\jre\bin;C:\Program Files\Intel\WiFi\bin\;C:\Program Files\Common Files\Intel\WirelessCommon\;C:\Program Files\Git\cmd;F:\MySQL\bin;C:\Program Files\NVIDIA Corporation\NVSMI;C:\Program Files\NVIDIA Corporation\Nsight Compute 2019.5.0\;C:\Program Files\NVIDIA GPU Computing Toolkit\CUDA\v10.2\lib\x64;F:\anaconda3;F:\anaconda3\Library\mingw-w64\bin;F:\anaconda3\Library\usr\bin;F:\anaconda3\Library\bin;F:\anaconda3\Scripts;C:\Users\t\AppData\Local\Microsoft\WindowsApps;F:\workplace\opencv\build\x86\vc11\bin;C:\Program Files\NVIDIA GPU Computing Toolkit\CUDA\v9.0\bin;C:\Program Files\NVIDIA GPU Computing Toolkit\CUDA\v9.0\include;C:\Program Files\NVIDIA GPU Computing Toolkit\CUDA\v9.0\lib\x64;C:\Users\t\AppData\Local\GitHubDesktop\bin;C:\Users\t\AppData\Local\Microsoft\WindowsApps;C:\Program Files\Intel\WiFi\bin\;C:\Prog
USERNAME=t
OS=Windows_NT
PROCESSOR_IDENTIFIER=Intel64 Family 6 Model 60 Stepping 3, GenuineIntel



---------------  S Y S T E M  ---------------

OS: Windows 10 , 64 bit Build 18362 (10.0.18362.1350)

CPU:total 8 (initial active 8) (4 cores per cpu, 2 threads per core) family 6 model 60 stepping 3, cmov, cx8, fxsr, mmx, sse, sse2, sse3, ssse3, sse4.1, sse4.2, popcnt, avx, avx2, aes, clmul, erms, lzcnt, ht, tsc, tscinvbit, bmi1, bmi2, fma

Memory: 4k page, system-wide physical 8099M (894M free)
TotalPageFile size 16291M (AvailPageFile size 113M)
current process WorkingSet (physical memory assigned to process): 10M, peak: 10M
current process commit charge ("private bytes"): 60M, peak: 188M

vm_info: Java HotSpot(TM) 64-Bit Server VM (11.0.8+10-LTS) for windows-amd64 JRE (11.0.8+10-LTS), built on Jun 16 2020 05:53:08 by "mach5one" with unknown MS VC++:1916

END.
